.gemini/antigravity/scratch/MobileApp_Unified_Final/app/build/intermediates/manifest_merge_blame_file/release/processReleaseMainManifest/manifest-merger-blame-release-report.txt
1<?xml version="1.0" encoding="utf-8"?>
2<manifest xmlns:android="http://schemas.android.com/apk/res/android"
3    package="com.duolingo.app"
4    android:versionCode="1"
5    android:versionName="1.0" >
6
7    <uses-sdk
8        android:minSdkVersion="24"
9        android:targetSdkVersion="34" />
10
11    <uses-permission android:name="android.permission.INTERNET" />
11-->src\main\AndroidManifest.xml:5:5-67
11-->src\main\AndroidManifest.xml:5:22-64
12    <uses-permission android:name="android.permission.POST_NOTIFICATIONS" />
12-->src\main\AndroidManifest.xml:6:5-77
12-->src\main\AndroidManifest.xml:6:22-74
13    <uses-permission android:name="android.permission.SCHEDULE_EXACT_ALARM" />
13-->src\main\AndroidManifest.xml:7:5-79
13-->src\main\AndroidManifest.xml:7:22-76
14    <uses-permission android:name="android.permission.RECORD_AUDIO" />
14-->src\main\AndroidManifest.xml:8:5-71
14-->src\main\AndroidManifest.xml:8:22-68
15
16    <permission
16-->[androidx.core:core:1.12.0] AndroidManifest.xml:22:5-24:47
17        android:name="com.duolingo.app.DYNAMIC_RECEIVER_NOT_EXPORTED_PERMISSION"
17-->[androidx.core:core:1.12.0] AndroidManifest.xml:23:9-81
18        android:protectionLevel="signature" />
18-->[androidx.core:core:1.12.0] AndroidManifest.xml:24:9-44
19
20    <uses-permission android:name="com.duolingo.app.DYNAMIC_RECEIVER_NOT_EXPORTED_PERMISSION" />
20-->[androidx.core:core:1.12.0] AndroidManifest.xml:26:5-97
20-->[androidx.core:core:1.12.0] AndroidManifest.xml:26:22-94
21
22    <application
22-->src\main\AndroidManifest.xml:10:5-79:19
23        android:allowBackup="true"
23-->src\main\AndroidManifest.xml:11:9-35
24        android:appComponentFactory="androidx.core.app.CoreComponentFactory"
24-->[androidx.core:core:1.12.0] AndroidManifest.xml:28:18-86
25        android:dataExtractionRules="@xml/data_extraction_rules"
25-->src\main\AndroidManifest.xml:12:9-65
26        android:extractNativeLibs="false"
27        android:fullBackupContent="@xml/backup_rules"
27-->src\main\AndroidManifest.xml:13:9-54
28        android:icon="@mipmap/ic_launcher"
28-->src\main\AndroidManifest.xml:14:9-43
29        android:label="@string/app_name"
29-->src\main\AndroidManifest.xml:15:9-41
30        android:roundIcon="@mipmap/ic_launcher_round"
30-->src\main\AndroidManifest.xml:16:9-54
31        android:supportsRtl="true"
31-->src\main\AndroidManifest.xml:17:9-35
32        android:theme="@style/Theme.DuolingoApp"
32-->src\main\AndroidManifest.xml:18:9-49
33        android:usesCleartextTraffic="true" >
33-->src\main\AndroidManifest.xml:19:9-44
34        <activity
34-->src\main\AndroidManifest.xml:22:9-29:20
35            android:name="com.duolingo.app.activities.LoginActivity"
35-->src\main\AndroidManifest.xml:23:13-53
36            android:exported="true" >
36-->src\main\AndroidManifest.xml:24:13-36
37            <intent-filter>
37-->src\main\AndroidManifest.xml:25:13-28:29
38                <action android:name="android.intent.action.MAIN" />
38-->src\main\AndroidManifest.xml:26:17-69
38-->src\main\AndroidManifest.xml:26:25-66
39
40                <category android:name="android.intent.category.LAUNCHER" />
40-->src\main\AndroidManifest.xml:27:17-77
40-->src\main\AndroidManifest.xml:27:27-74
41            </intent-filter>
42        </activity>
43        <activity
43-->src\main\AndroidManifest.xml:31:9-92
44            android:name="com.duolingo.app.activities.OnboardingActivity"
44-->src\main\AndroidManifest.xml:31:19-64
45            android:exported="false" />
45-->src\main\AndroidManifest.xml:31:65-89
46        <activity android:name="com.duolingo.app.activities.MainActivity" />
46-->src\main\AndroidManifest.xml:33:9-61
46-->src\main\AndroidManifest.xml:33:19-58
47        <activity android:name="com.duolingo.app.activities.RegisterActivity" />
47-->src\main\AndroidManifest.xml:34:9-65
47-->src\main\AndroidManifest.xml:34:19-62
48        <activity android:name="com.duolingo.app.activities.LanguageSelectionActivity" />
48-->src\main\AndroidManifest.xml:35:9-74
48-->src\main\AndroidManifest.xml:35:19-71
49        <activity android:name="com.duolingo.app.activities.SetupGoalActivity" />
49-->src\main\AndroidManifest.xml:36:9-66
49-->src\main\AndroidManifest.xml:36:19-63
50        <activity android:name="com.duolingo.app.activities.StudyPlanActivity" />
50-->src\main\AndroidManifest.xml:37:9-66
50-->src\main\AndroidManifest.xml:37:19-63
51        <activity android:name="com.duolingo.app.activities.GameMenuActivity" />
51-->src\main\AndroidManifest.xml:38:9-65
51-->src\main\AndroidManifest.xml:38:19-62
52        <activity android:name="com.duolingo.app.activities.GhepTuActivity" />
52-->src\main\AndroidManifest.xml:39:9-63
52-->src\main\AndroidManifest.xml:39:19-60
53        <activity android:name="com.duolingo.app.activities.ScrambleGameActivity" />
53-->src\main\AndroidManifest.xml:40:9-41:63
53-->src\main\AndroidManifest.xml:41:13-60
54        <activity
54-->src\main\AndroidManifest.xml:42:9-44:55
55            android:name="com.duolingo.app.activities.QuizGameActivity"
55-->src\main\AndroidManifest.xml:43:13-56
56            android:windowSoftInputMode="adjustPan" />
56-->src\main\AndroidManifest.xml:44:13-52
57        <activity android:name="com.duolingo.app.activities.MemoryGameActivity" />
57-->src\main\AndroidManifest.xml:45:9-67
57-->src\main\AndroidManifest.xml:45:19-64
58        <activity
58-->src\main\AndroidManifest.xml:47:9-49:40
59            android:name="com.duolingo.app.activities.ComprehensiveExamActivity"
59-->src\main\AndroidManifest.xml:48:13-65
60            android:exported="false" />
60-->src\main\AndroidManifest.xml:49:13-37
61        <activity android:name="com.duolingo.app.activities.ExamSelectionActivity" />
61-->src\main\AndroidManifest.xml:50:9-70
61-->src\main\AndroidManifest.xml:50:19-67
62
63        <!-- Added Lesson Selection Activity -->
64        <activity android:name="com.duolingo.app.activities.LessonSelectionActivity" />
64-->src\main\AndroidManifest.xml:53:9-72
64-->src\main\AndroidManifest.xml:53:19-69
65        <activity android:name="com.duolingo.app.activities.ProfileActivity" />
65-->src\main\AndroidManifest.xml:55:9-56:58
65-->src\main\AndroidManifest.xml:56:13-55
66        <activity
66-->src\main\AndroidManifest.xml:58:9-60:52
67            android:name="com.duolingo.app.activities.EditProfileActivity"
67-->src\main\AndroidManifest.xml:59:13-59
68            android:screenOrientation="portrait" />
68-->src\main\AndroidManifest.xml:60:13-49
69        <activity
69-->src\main\AndroidManifest.xml:62:9-64:42
70            android:name="com.duolingo.app.activities.FlashcardActivity"
70-->src\main\AndroidManifest.xml:63:13-57
71            android:label="Flashcards" />
71-->src\main\AndroidManifest.xml:64:13-39
72        <activity
72-->src\main\AndroidManifest.xml:65:9-67:40
73            android:name="com.duolingo.app.activities.AddVocabularyActivity"
73-->src\main\AndroidManifest.xml:66:13-61
74            android:label="Add Word" />
74-->src\main\AndroidManifest.xml:67:13-37
75        <activity android:name="com.duolingo.app.activities.GrammarListActivity" />
75-->src\main\AndroidManifest.xml:69:9-68
75-->src\main\AndroidManifest.xml:69:19-65
76        <activity android:name="com.duolingo.app.activities.GrammarActivity" />
76-->src\main\AndroidManifest.xml:70:9-64
76-->src\main\AndroidManifest.xml:70:19-61
77        <activity android:name="com.duolingo.app.activities.PracticeActivity" />
77-->src\main\AndroidManifest.xml:71:9-65
77-->src\main\AndroidManifest.xml:71:19-62
78        <activity android:name="com.duolingo.app.activities.ListeningListActivity" />
78-->src\main\AndroidManifest.xml:72:9-70
78-->src\main\AndroidManifest.xml:72:19-67
79        <activity android:name="com.duolingo.app.activities.ListeningActivity" />
79-->src\main\AndroidManifest.xml:73:9-66
79-->src\main\AndroidManifest.xml:73:19-63
80        <activity android:name="com.duolingo.app.activities.PronunciationListActivity" />
80-->src\main\AndroidManifest.xml:74:9-74
80-->src\main\AndroidManifest.xml:74:19-71
81        <activity android:name="com.duolingo.app.activities.PronunciationActivity" />
81-->src\main\AndroidManifest.xml:75:9-70
81-->src\main\AndroidManifest.xml:75:19-67
82
83        <receiver android:name="com.duolingo.app.services.NotificationReceiver" />
83-->src\main\AndroidManifest.xml:77:9-67
83-->src\main\AndroidManifest.xml:77:19-64
84
85        <provider
85-->[androidx.emoji2:emoji2:1.2.0] AndroidManifest.xml:24:9-32:20
86            android:name="androidx.startup.InitializationProvider"
86-->[androidx.emoji2:emoji2:1.2.0] AndroidManifest.xml:25:13-67
87            android:authorities="com.duolingo.app.androidx-startup"
87-->[androidx.emoji2:emoji2:1.2.0] AndroidManifest.xml:26:13-68
88            android:exported="false" >
88-->[androidx.emoji2:emoji2:1.2.0] AndroidManifest.xml:27:13-37
89            <meta-data
89-->[androidx.emoji2:emoji2:1.2.0] AndroidManifest.xml:29:13-31:52
90                android:name="androidx.emoji2.text.EmojiCompatInitializer"
90-->[androidx.emoji2:emoji2:1.2.0] AndroidManifest.xml:30:17-75
91                android:value="androidx.startup" />
91-->[androidx.emoji2:emoji2:1.2.0] AndroidManifest.xml:31:17-49
92            <meta-data
92-->[androidx.lifecycle:lifecycle-process:2.7.0] AndroidManifest.xml:29:13-31:52
93                android:name="androidx.lifecycle.ProcessLifecycleInitializer"
93-->[androidx.lifecycle:lifecycle-process:2.7.0] AndroidManifest.xml:30:17-78
94                android:value="androidx.startup" />
94-->[androidx.lifecycle:lifecycle-process:2.7.0] AndroidManifest.xml:31:17-49
95            <meta-data
95-->[androidx.profileinstaller:profileinstaller:1.3.0] AndroidManifest.xml:29:13-31:52
96                android:name="androidx.profileinstaller.ProfileInstallerInitializer"
96-->[androidx.profileinstaller:profileinstaller:1.3.0] AndroidManifest.xml:30:17-85
97                android:value="androidx.startup" />
97-->[androidx.profileinstaller:profileinstaller:1.3.0] AndroidManifest.xml:31:17-49
98        </provider>
99
100        <service
100-->[androidx.room:room-runtime:2.6.1] AndroidManifest.xml:24:9-28:63
101            android:name="androidx.room.MultiInstanceInvalidationService"
101-->[androidx.room:room-runtime:2.6.1] AndroidManifest.xml:25:13-74
102            android:directBootAware="true"
102-->[androidx.room:room-runtime:2.6.1] AndroidManifest.xml:26:13-43
103            android:exported="false" />
103-->[androidx.room:room-runtime:2.6.1] AndroidManifest.xml:27:13-37
104
105        <receiver
105-->[androidx.profileinstaller:profileinstaller:1.3.0] AndroidManifest.xml:34:9-52:20
106            android:name="androidx.profileinstaller.ProfileInstallReceiver"
106-->[androidx.profileinstaller:profileinstaller:1.3.0] AndroidManifest.xml:35:13-76
107            android:directBootAware="false"
107-->[androidx.profileinstaller:profileinstaller:1.3.0] AndroidManifest.xml:36:13-44
108            android:enabled="true"
108-->[androidx.profileinstaller:profileinstaller:1.3.0] AndroidManifest.xml:37:13-35
109            android:exported="true"
109-->[androidx.profileinstaller:profileinstaller:1.3.0] AndroidManifest.xml:38:13-36
110            android:permission="android.permission.DUMP" >
110-->[androidx.profileinstaller:profileinstaller:1.3.0] AndroidManifest.xml:39:13-57
111            <intent-filter>
111-->[androidx.profileinstaller:profileinstaller:1.3.0] AndroidManifest.xml:40:13-42:29
112                <action android:name="androidx.profileinstaller.action.INSTALL_PROFILE" />
112-->[androidx.profileinstaller:profileinstaller:1.3.0] AndroidManifest.xml:41:17-91
112-->[androidx.profileinstaller:profileinstaller:1.3.0] AndroidManifest.xml:41:25-88
113            </intent-filter>
114            <intent-filter>
114-->[androidx.profileinstaller:profileinstaller:1.3.0] AndroidManifest.xml:43:13-45:29
115                <action android:name="androidx.profileinstaller.action.SKIP_FILE" />
115-->[androidx.profileinstaller:profileinstaller:1.3.0] AndroidManifest.xml:44:17-85
115-->[androidx.profileinstaller:profileinstaller:1.3.0] AndroidManifest.xml:44:25-82
116            </intent-filter>
117            <intent-filter>
117-->[androidx.profileinstaller:profileinstaller:1.3.0] AndroidManifest.xml:46:13-48:29
118                <action android:name="androidx.profileinstaller.action.SAVE_PROFILE" />
118-->[androidx.profileinstaller:profileinstaller:1.3.0] AndroidManifest.xml:47:17-88
118-->[androidx.profileinstaller:profileinstaller:1.3.0] AndroidManifest.xml:47:25-85
119            </intent-filter>
120            <intent-filter>
120-->[androidx.profileinstaller:profileinstaller:1.3.0] AndroidManifest.xml:49:13-51:29
121                <action android:name="androidx.profileinstaller.action.BENCHMARK_OPERATION" />
121-->[androidx.profileinstaller:profileinstaller:1.3.0] AndroidManifest.xml:50:17-95
121-->[androidx.profileinstaller:profileinstaller:1.3.0] AndroidManifest.xml:50:25-92
122            </intent-filter>
123        </receiver>
124    </application>
125
126</manifest>